Added Component: Designator=C1_Stage 1(CAP200)
Add component. Clean all parameters for all variants
Added Component: Designator=C1_Stage 2(CAP200)
Add component. Clean all parameters for all variants
Added Component: Designator=C1_Stage 3(CAP200)
Add component. Clean all parameters for all variants
Added Component: Designator=C1_Stage 4(CAP200)
Add component. Clean all parameters for all variants
Added Component: Designator=C1_Stage 5(CAP200)
Add component. Clean all parameters for all variants
Added Component: Designator=C2_Stage 1(CAP200)
Add component. Clean all parameters for all variants
Added Component: Designator=C2_Stage 2(CAP200)
Add component. Clean all parameters for all variants
Added Component: Designator=C2_Stage 3(CAP200)
Add component. Clean all parameters for all variants
Added Component: Designator=C2_Stage 4(CAP200)
Add component. Clean all parameters for all variants
Added Component: Designator=C2_Stage 5(CAP200)
Add component. Clean all parameters for all variants
Added Component: Designator=Cd1(CAP200)
Add component. Clean all parameters for all variants
Added Component: Designator=Cd2(CAP200)
Add component. Clean all parameters for all variants
Added Component: Designator=Cd3(CAP200)
Add component. Clean all parameters for all variants
Added Component: Designator=Cd4(CAP200)
Add component. Clean all parameters for all variants
Added Component: Designator=Cd5(CAP200)
Add component. Clean all parameters for all variants
Added Component: Designator=Cd6(CAP200)
Add component. Clean all parameters for all variants
Added Component: Designator=Cd7(CAP200)
Add component. Clean all parameters for all variants
Added Component: Designator=Cd8(CAP200)
Add component. Clean all parameters for all variants
Added Component: Designator=Cd9(CAP200)
Add component. Clean all parameters for all variants
Added Component: Designator=Cd10(CAP200)
Add component. Clean all parameters for all variants
Added Component: Designator=IN(BORNERA2)
Add component. Clean all parameters for all variants
Added Component: Designator=OUT(BORNERA2)
Add component. Clean all parameters for all variants
Added Component: Designator=R1a_Stage 1(0805)
Add component. Clean all parameters for all variants
Added Component: Designator=R1a_Stage 2(0805)
Add component. Clean all parameters for all variants
Added Component: Designator=R1a_Stage 3(0805)
Add component. Clean all parameters for all variants
Added Component: Designator=R1a_Stage 4(0805)
Add component. Clean all parameters for all variants
Added Component: Designator=R1a_Stage 5(0805)
Add component. Clean all parameters for all variants
Added Component: Designator=R1b_Stage 1(0805)
Add component. Clean all parameters for all variants
Added Component: Designator=R1b_Stage 2(0805)
Add component. Clean all parameters for all variants
Added Component: Designator=R1b_Stage 3(0805)
Add component. Clean all parameters for all variants
Added Component: Designator=R1b_Stage 4(0805)
Add component. Clean all parameters for all variants
Added Component: Designator=R1b_Stage 5(0805)
Add component. Clean all parameters for all variants
Added Component: Designator=R1c_Stage 1(0805)
Add component. Clean all parameters for all variants
Added Component: Designator=R1c_Stage 2(0805)
Add component. Clean all parameters for all variants
Added Component: Designator=R1c_Stage 3(0805)
Add component. Clean all parameters for all variants
Added Component: Designator=R1c_Stage 4(0805)
Add component. Clean all parameters for all variants
Added Component: Designator=R1c_Stage 5(0805)
Add component. Clean all parameters for all variants
Added Component: Designator=R2a_Stage 1(0805)
Add component. Clean all parameters for all variants
Added Component: Designator=R2a_Stage 2(0805)
Add component. Clean all parameters for all variants
Added Component: Designator=R2a_Stage 3(0805)
Add component. Clean all parameters for all variants
Added Component: Designator=R2a_Stage 4(0805)
Add component. Clean all parameters for all variants
Added Component: Designator=R2a_Stage 5(0805)
Add component. Clean all parameters for all variants
Added Component: Designator=R2b_Stage 1(0805)
Add component. Clean all parameters for all variants
Added Component: Designator=R2b_Stage 2(0805)
Add component. Clean all parameters for all variants
Added Component: Designator=R2b_Stage 3(0805)
Add component. Clean all parameters for all variants
Added Component: Designator=R2b_Stage 4(0805)
Add component. Clean all parameters for all variants
Added Component: Designator=R2b_Stage 5(0805)
Add component. Clean all parameters for all variants
Added Component: Designator=R2c_Stage 1(0805)
Add component. Clean all parameters for all variants
Added Component: Designator=R2c_Stage 2(0805)
Add component. Clean all parameters for all variants
Added Component: Designator=R2c_Stage 3(0805)
Add component. Clean all parameters for all variants
Added Component: Designator=R2c_Stage 4(0805)
Add component. Clean all parameters for all variants
Added Component: Designator=R2c_Stage 5(0805)
Add component. Clean all parameters for all variants
Added Component: Designator=Ra1_Stage 1(0805)
Add component. Clean all parameters for all variants
Added Component: Designator=Ra1_Stage 2(0805)
Add component. Clean all parameters for all variants
Added Component: Designator=Ra1_Stage 3(0805)
Add component. Clean all parameters for all variants
Added Component: Designator=Ra1_Stage 4(0805)
Add component. Clean all parameters for all variants
Added Component: Designator=Ra1_Stage 5(0805)
Add component. Clean all parameters for all variants
Added Component: Designator=Ra2_Stage 1(0805)
Add component. Clean all parameters for all variants
Added Component: Designator=Ra2_Stage 2(0805)
Add component. Clean all parameters for all variants
Added Component: Designator=Ra2_Stage 3(0805)
Add component. Clean all parameters for all variants
Added Component: Designator=Ra2_Stage 4(0805)
Add component. Clean all parameters for all variants
Added Component: Designator=Ra2_Stage 5(0805)
Add component. Clean all parameters for all variants
Added Component: Designator=Ra3_Stage 1(0805)
Add component. Clean all parameters for all variants
Added Component: Designator=Ra3_Stage 2(0805)
Add component. Clean all parameters for all variants
Added Component: Designator=Ra3_Stage 3(0805)
Add component. Clean all parameters for all variants
Added Component: Designator=Ra3_Stage 4(0805)
Add component. Clean all parameters for all variants
Added Component: Designator=Ra3_Stage 5(0805)
Add component. Clean all parameters for all variants
Added Component: Designator=Rb1_Stage 1(0805)
Add component. Clean all parameters for all variants
Added Component: Designator=Rb1_Stage 2(0805)
Add component. Clean all parameters for all variants
Added Component: Designator=Rb1_Stage 3(0805)
Add component. Clean all parameters for all variants
Added Component: Designator=Rb1_Stage 4(0805)
Add component. Clean all parameters for all variants
Added Component: Designator=Rb1_Stage 5(0805)
Add component. Clean all parameters for all variants
Added Component: Designator=Rb2_Stage 1(0805)
Add component. Clean all parameters for all variants
Added Component: Designator=Rb2_Stage 2(0805)
Add component. Clean all parameters for all variants
Added Component: Designator=Rb2_Stage 3(0805)
Add component. Clean all parameters for all variants
Added Component: Designator=Rb2_Stage 4(0805)
Add component. Clean all parameters for all variants
Added Component: Designator=Rb2_Stage 5(0805)
Add component. Clean all parameters for all variants
Added Component: Designator=Rb3_Stage 1(0805)
Add component. Clean all parameters for all variants
Added Component: Designator=Rb3_Stage 2(0805)
Add component. Clean all parameters for all variants
Added Component: Designator=Rb3_Stage 3(0805)
Add component. Clean all parameters for all variants
Added Component: Designator=Rb3_Stage 4(0805)
Add component. Clean all parameters for all variants
Added Component: Designator=Rb3_Stage 5(0805)
Add component. Clean all parameters for all variants
Added Component: Designator=Rd1_Stage 1(0805)
Add component. Clean all parameters for all variants
Added Component: Designator=Rd1_Stage 2(0805)
Add component. Clean all parameters for all variants
Added Component: Designator=Rd1_Stage 3(0805)
Add component. Clean all parameters for all variants
Added Component: Designator=Rd1_Stage 4(0805)
Add component. Clean all parameters for all variants
Added Component: Designator=Rd1_Stage 5(0805)
Add component. Clean all parameters for all variants
Added Component: Designator=Rd2_Stage 1(0805)
Add component. Clean all parameters for all variants
Added Component: Designator=Rd2_Stage 2(0805)
Add component. Clean all parameters for all variants
Added Component: Designator=Rd2_Stage 3(0805)
Add component. Clean all parameters for all variants
Added Component: Designator=Rd2_Stage 4(0805)
Add component. Clean all parameters for all variants
Added Component: Designator=Rd2_Stage 5(0805)
Add component. Clean all parameters for all variants
Added Component: Designator=S1(JUMPER2)
Add component. Clean all parameters for all variants
Added Component: Designator=S2(JUMPER2)
Add component. Clean all parameters for all variants
Added Component: Designator=S3(JUMPER2)
Add component. Clean all parameters for all variants
Added Component: Designator=S4(JUMPER2)
Add component. Clean all parameters for all variants
Added Component: Designator=SUPPLY(BORNERA3)
Add component. Clean all parameters for all variants
Added Component: Designator=TP1_Stage 1(TPTH)
Add component. Clean all parameters for all variants
Added Component: Designator=TP1_Stage 2(TPTH)
Add component. Clean all parameters for all variants
Added Component: Designator=TP1_Stage 3(TPTH)
Add component. Clean all parameters for all variants
Added Component: Designator=TP1_Stage 4(TPTH)
Add component. Clean all parameters for all variants
Added Component: Designator=TP1_Stage 5(TPTH)
Add component. Clean all parameters for all variants
Added Component: Designator=TP?_Stage 1(TPTH)
Add component. Clean all parameters for all variants
Added Component: Designator=TP?_Stage 2(TPTH)
Add component. Clean all parameters for all variants
Added Component: Designator=TP?_Stage 3(TPTH)
Add component. Clean all parameters for all variants
Added Component: Designator=TP?_Stage 4(TPTH)
Add component. Clean all parameters for all variants
Added Component: Designator=TP?_Stage 5(TPTH)
Add component. Clean all parameters for all variants
Added Component: Designator=U1_Stage 1(P008)
Add component. Clean all parameters for all variants
Add component (AddParameter): Name = "Code_JEDEC"; Value = "MO-001-AN"; VariantName = "[No Variations]"
Add component (AddParameter): Name = "ComponentLink1Description"; Value = "Manufacturer Link"; VariantName = "[No Variations]"
Add component (AddParameter): Name = "ComponentLink1URL"; Value = "http://www.ti.com/"; VariantName = "[No Variations]"
Add component (AddParameter): Name = "ComponentLink2Description"; Value = "Datasheet"; VariantName = "[No Variations]"
Add component (AddParameter): Name = "ComponentLink2URL"; Value = "http://www-s.ti.com/sc/ds/tl082.pdf"; VariantName = "[No Variations]"
Add component (AddParameter): Name = "DatasheetVersion"; Value = "Feb-1999"; VariantName = "[No Variations]"
Add component (AddParameter): Name = "LatestRevisionDate"; Value = "04-Mar-2005"; VariantName = "[No Variations]"
Add component (AddParameter): Name = "LatestRevisionNote"; Value = "Stylized 3D Model Added."; VariantName = "[No Variations]"
Add component (AddParameter): Name = "PackageDescription"; Value = "DIP; 8 Leads; Row Spacing 7.62 mm; Pitch 2.54 mm"; VariantName = "[No Variations]"
Add component (AddParameter): Name = "PackageReference"; Value = "P008"; VariantName = "[No Variations]"
Add component (AddParameter): Name = "PackageVersion"; Value = "Jun-1999"; VariantName = "[No Variations]"
Add component (AddParameter): Name = "Published"; Value = "16-Jan-2001"; VariantName = "[No Variations]"
Add component (AddParameter): Name = "Publisher"; Value = "Altium Limited"; VariantName = "[No Variations]"
Added Component: Designator=U1_Stage 2(P008)
Add component. Clean all parameters for all variants
Add component (AddParameter): Name = "Code_JEDEC"; Value = "MO-001-AN"; VariantName = "[No Variations]"
Add component (AddParameter): Name = "ComponentLink1Description"; Value = "Manufacturer Link"; VariantName = "[No Variations]"
Add component (AddParameter): Name = "ComponentLink1URL"; Value = "http://www.ti.com/"; VariantName = "[No Variations]"
Add component (AddParameter): Name = "ComponentLink2Description"; Value = "Datasheet"; VariantName = "[No Variations]"
Add component (AddParameter): Name = "ComponentLink2URL"; Value = "http://www-s.ti.com/sc/ds/tl082.pdf"; VariantName = "[No Variations]"
Add component (AddParameter): Name = "DatasheetVersion"; Value = "Feb-1999"; VariantName = "[No Variations]"
Add component (AddParameter): Name = "LatestRevisionDate"; Value = "04-Mar-2005"; VariantName = "[No Variations]"
Add component (AddParameter): Name = "LatestRevisionNote"; Value = "Stylized 3D Model Added."; VariantName = "[No Variations]"
Add component (AddParameter): Name = "PackageDescription"; Value = "DIP; 8 Leads; Row Spacing 7.62 mm; Pitch 2.54 mm"; VariantName = "[No Variations]"
Add component (AddParameter): Name = "PackageReference"; Value = "P008"; VariantName = "[No Variations]"
Add component (AddParameter): Name = "PackageVersion"; Value = "Jun-1999"; VariantName = "[No Variations]"
Add component (AddParameter): Name = "Published"; Value = "16-Jan-2001"; VariantName = "[No Variations]"
Add component (AddParameter): Name = "Publisher"; Value = "Altium Limited"; VariantName = "[No Variations]"
Added Component: Designator=U1_Stage 3(P008)
Add component. Clean all parameters for all variants
Add component (AddParameter): Name = "Code_JEDEC"; Value = "MO-001-AN"; VariantName = "[No Variations]"
Add component (AddParameter): Name = "ComponentLink1Description"; Value = "Manufacturer Link"; VariantName = "[No Variations]"
Add component (AddParameter): Name = "ComponentLink1URL"; Value = "http://www.ti.com/"; VariantName = "[No Variations]"
Add component (AddParameter): Name = "ComponentLink2Description"; Value = "Datasheet"; VariantName = "[No Variations]"
Add component (AddParameter): Name = "ComponentLink2URL"; Value = "http://www-s.ti.com/sc/ds/tl082.pdf"; VariantName = "[No Variations]"
Add component (AddParameter): Name = "DatasheetVersion"; Value = "Feb-1999"; VariantName = "[No Variations]"
Add component (AddParameter): Name = "LatestRevisionDate"; Value = "04-Mar-2005"; VariantName = "[No Variations]"
Add component (AddParameter): Name = "LatestRevisionNote"; Value = "Stylized 3D Model Added."; VariantName = "[No Variations]"
Add component (AddParameter): Name = "PackageDescription"; Value = "DIP; 8 Leads; Row Spacing 7.62 mm; Pitch 2.54 mm"; VariantName = "[No Variations]"
Add component (AddParameter): Name = "PackageReference"; Value = "P008"; VariantName = "[No Variations]"
Add component (AddParameter): Name = "PackageVersion"; Value = "Jun-1999"; VariantName = "[No Variations]"
Add component (AddParameter): Name = "Published"; Value = "16-Jan-2001"; VariantName = "[No Variations]"
Add component (AddParameter): Name = "Publisher"; Value = "Altium Limited"; VariantName = "[No Variations]"
Added Component: Designator=U1_Stage 4(P008)
Add component. Clean all parameters for all variants
Add component (AddParameter): Name = "Code_JEDEC"; Value = "MO-001-AN"; VariantName = "[No Variations]"
Add component (AddParameter): Name = "ComponentLink1Description"; Value = "Manufacturer Link"; VariantName = "[No Variations]"
Add component (AddParameter): Name = "ComponentLink1URL"; Value = "http://www.ti.com/"; VariantName = "[No Variations]"
Add component (AddParameter): Name = "ComponentLink2Description"; Value = "Datasheet"; VariantName = "[No Variations]"
Add component (AddParameter): Name = "ComponentLink2URL"; Value = "http://www-s.ti.com/sc/ds/tl082.pdf"; VariantName = "[No Variations]"
Add component (AddParameter): Name = "DatasheetVersion"; Value = "Feb-1999"; VariantName = "[No Variations]"
Add component (AddParameter): Name = "LatestRevisionDate"; Value = "04-Mar-2005"; VariantName = "[No Variations]"
Add component (AddParameter): Name = "LatestRevisionNote"; Value = "Stylized 3D Model Added."; VariantName = "[No Variations]"
Add component (AddParameter): Name = "PackageDescription"; Value = "DIP; 8 Leads; Row Spacing 7.62 mm; Pitch 2.54 mm"; VariantName = "[No Variations]"
Add component (AddParameter): Name = "PackageReference"; Value = "P008"; VariantName = "[No Variations]"
Add component (AddParameter): Name = "PackageVersion"; Value = "Jun-1999"; VariantName = "[No Variations]"
Add component (AddParameter): Name = "Published"; Value = "16-Jan-2001"; VariantName = "[No Variations]"
Add component (AddParameter): Name = "Publisher"; Value = "Altium Limited"; VariantName = "[No Variations]"
Added Component: Designator=U1_Stage 5(P008)
Add component. Clean all parameters for all variants
Add component (AddParameter): Name = "Code_JEDEC"; Value = "MO-001-AN"; VariantName = "[No Variations]"
Add component (AddParameter): Name = "ComponentLink1Description"; Value = "Manufacturer Link"; VariantName = "[No Variations]"
Add component (AddParameter): Name = "ComponentLink1URL"; Value = "http://www.ti.com/"; VariantName = "[No Variations]"
Add component (AddParameter): Name = "ComponentLink2Description"; Value = "Datasheet"; VariantName = "[No Variations]"
Add component (AddParameter): Name = "ComponentLink2URL"; Value = "http://www-s.ti.com/sc/ds/tl082.pdf"; VariantName = "[No Variations]"
Add component (AddParameter): Name = "DatasheetVersion"; Value = "Feb-1999"; VariantName = "[No Variations]"
Add component (AddParameter): Name = "LatestRevisionDate"; Value = "04-Mar-2005"; VariantName = "[No Variations]"
Add component (AddParameter): Name = "LatestRevisionNote"; Value = "Stylized 3D Model Added."; VariantName = "[No Variations]"
Add component (AddParameter): Name = "PackageDescription"; Value = "DIP; 8 Leads; Row Spacing 7.62 mm; Pitch 2.54 mm"; VariantName = "[No Variations]"
Add component (AddParameter): Name = "PackageReference"; Value = "P008"; VariantName = "[No Variations]"
Add component (AddParameter): Name = "PackageVersion"; Value = "Jun-1999"; VariantName = "[No Variations]"
Add component (AddParameter): Name = "Published"; Value = "16-Jan-2001"; VariantName = "[No Variations]"
Add component (AddParameter): Name = "Publisher"; Value = "Altium Limited"; VariantName = "[No Variations]"
Added Pin To Net: NetName=GND Pin=Cd1-2
Added Pin To Net: NetName=GND Pin=Cd2-2
Added Pin To Net: NetName=GND Pin=Cd3-2
Added Pin To Net: NetName=GND Pin=Cd4-2
Added Pin To Net: NetName=GND Pin=Cd5-2
Added Pin To Net: NetName=GND Pin=Cd6-2
Added Pin To Net: NetName=GND Pin=Cd7-2
Added Pin To Net: NetName=GND Pin=Cd8-2
Added Pin To Net: NetName=GND Pin=Cd9-2
Added Pin To Net: NetName=GND Pin=Cd10-2
Added Pin To Net: NetName=GND Pin=IN-2
Added Pin To Net: NetName=GND Pin=OUT-2
Added Pin To Net: NetName=GND Pin=R2a_Stage 1-1
Added Pin To Net: NetName=GND Pin=R2a_Stage 2-1
Added Pin To Net: NetName=GND Pin=R2a_Stage 3-1
Added Pin To Net: NetName=GND Pin=R2a_Stage 4-1
Added Pin To Net: NetName=GND Pin=R2a_Stage 5-1
Added Pin To Net: NetName=GND Pin=R2c_Stage 1-1
Added Pin To Net: NetName=GND Pin=R2c_Stage 2-1
Added Pin To Net: NetName=GND Pin=R2c_Stage 3-1
Added Pin To Net: NetName=GND Pin=R2c_Stage 4-1
Added Pin To Net: NetName=GND Pin=R2c_Stage 5-1
Added Pin To Net: NetName=GND Pin=Rb1_Stage 1-1
Added Pin To Net: NetName=GND Pin=Rb1_Stage 2-1
Added Pin To Net: NetName=GND Pin=Rb1_Stage 3-1
Added Pin To Net: NetName=GND Pin=Rb1_Stage 4-1
Added Pin To Net: NetName=GND Pin=Rb1_Stage 5-1
Added Pin To Net: NetName=GND Pin=Rb3_Stage 1-1
Added Pin To Net: NetName=GND Pin=Rb3_Stage 2-1
Added Pin To Net: NetName=GND Pin=Rb3_Stage 3-1
Added Pin To Net: NetName=GND Pin=Rb3_Stage 4-1
Added Pin To Net: NetName=GND Pin=Rb3_Stage 5-1
Added Pin To Net: NetName=GND Pin=Rd2_Stage 1-1
Added Pin To Net: NetName=GND Pin=Rd2_Stage 2-1
Added Pin To Net: NetName=GND Pin=Rd2_Stage 3-1
Added Pin To Net: NetName=GND Pin=Rd2_Stage 4-1
Added Pin To Net: NetName=GND Pin=Rd2_Stage 5-1
Added Pin To Net: NetName=GND Pin=SUPPLY-2
Added Net: Name=GND
Added Pin To Net: NetName=NetC1_Stage 1_1 Pin=C1_Stage 1-1
Added Pin To Net: NetName=NetC1_Stage 1_1 Pin=IN-1
Added Net: Name=NetC1_Stage 1_1
Added Pin To Net: NetName=NetC1_Stage 1_2 Pin=C1_Stage 1-2
Added Pin To Net: NetName=NetC1_Stage 1_2 Pin=C2_Stage 1-1
Added Pin To Net: NetName=NetC1_Stage 1_2 Pin=R1a_Stage 1-2
Added Pin To Net: NetName=NetC1_Stage 1_2 Pin=R1b_Stage 1-2
Added Net: Name=NetC1_Stage 1_2
Added Pin To Net: NetName=NetC1_Stage 2_1 Pin=C1_Stage 2-1
Added Pin To Net: NetName=NetC1_Stage 2_1 Pin=S1-2
Added Net: Name=NetC1_Stage 2_1
Added Pin To Net: NetName=NetC1_Stage 2_2 Pin=C1_Stage 2-2
Added Pin To Net: NetName=NetC1_Stage 2_2 Pin=C2_Stage 2-1
Added Pin To Net: NetName=NetC1_Stage 2_2 Pin=R1a_Stage 2-2
Added Pin To Net: NetName=NetC1_Stage 2_2 Pin=R1b_Stage 2-2
Added Net: Name=NetC1_Stage 2_2
Added Pin To Net: NetName=NetC1_Stage 3_1 Pin=C1_Stage 3-1
Added Pin To Net: NetName=NetC1_Stage 3_1 Pin=S2-2
Added Net: Name=NetC1_Stage 3_1
Added Pin To Net: NetName=NetC1_Stage 3_2 Pin=C1_Stage 3-2
Added Pin To Net: NetName=NetC1_Stage 3_2 Pin=C2_Stage 3-1
Added Pin To Net: NetName=NetC1_Stage 3_2 Pin=R1a_Stage 3-2
Added Pin To Net: NetName=NetC1_Stage 3_2 Pin=R1b_Stage 3-2
Added Net: Name=NetC1_Stage 3_2
Added Pin To Net: NetName=NetC1_Stage 4_1 Pin=C1_Stage 4-1
Added Pin To Net: NetName=NetC1_Stage 4_1 Pin=S3-2
Added Net: Name=NetC1_Stage 4_1
Added Pin To Net: NetName=NetC1_Stage 4_2 Pin=C1_Stage 4-2
Added Pin To Net: NetName=NetC1_Stage 4_2 Pin=C2_Stage 4-1
Added Pin To Net: NetName=NetC1_Stage 4_2 Pin=R1a_Stage 4-2
Added Pin To Net: NetName=NetC1_Stage 4_2 Pin=R1b_Stage 4-2
Added Net: Name=NetC1_Stage 4_2
Added Pin To Net: NetName=NetC1_Stage 5_1 Pin=C1_Stage 5-1
Added Pin To Net: NetName=NetC1_Stage 5_1 Pin=S4-2
Added Net: Name=NetC1_Stage 5_1
Added Pin To Net: NetName=NetC1_Stage 5_2 Pin=C1_Stage 5-2
Added Pin To Net: NetName=NetC1_Stage 5_2 Pin=C2_Stage 5-1
Added Pin To Net: NetName=NetC1_Stage 5_2 Pin=R1a_Stage 5-2
Added Pin To Net: NetName=NetC1_Stage 5_2 Pin=R1b_Stage 5-2
Added Net: Name=NetC1_Stage 5_2
Added Pin To Net: NetName=NetC2_Stage 1_2 Pin=C2_Stage 1-2
Added Pin To Net: NetName=NetC2_Stage 1_2 Pin=R2a_Stage 1-2
Added Pin To Net: NetName=NetC2_Stage 1_2 Pin=R2b_Stage 1-2
Added Pin To Net: NetName=NetC2_Stage 1_2 Pin=U1_Stage 1-3
Added Net: Name=NetC2_Stage 1_2
Added Pin To Net: NetName=NetC2_Stage 2_2 Pin=C2_Stage 2-2
Added Pin To Net: NetName=NetC2_Stage 2_2 Pin=R2a_Stage 2-2
Added Pin To Net: NetName=NetC2_Stage 2_2 Pin=R2b_Stage 2-2
Added Pin To Net: NetName=NetC2_Stage 2_2 Pin=U1_Stage 2-3
Added Net: Name=NetC2_Stage 2_2
Added Pin To Net: NetName=NetC2_Stage 3_2 Pin=C2_Stage 3-2
Added Pin To Net: NetName=NetC2_Stage 3_2 Pin=R2a_Stage 3-2
Added Pin To Net: NetName=NetC2_Stage 3_2 Pin=R2b_Stage 3-2
Added Pin To Net: NetName=NetC2_Stage 3_2 Pin=U1_Stage 3-3
Added Net: Name=NetC2_Stage 3_2
Added Pin To Net: NetName=NetC2_Stage 4_2 Pin=C2_Stage 4-2
Added Pin To Net: NetName=NetC2_Stage 4_2 Pin=R2a_Stage 4-2
Added Pin To Net: NetName=NetC2_Stage 4_2 Pin=R2b_Stage 4-2
Added Pin To Net: NetName=NetC2_Stage 4_2 Pin=U1_Stage 4-3
Added Net: Name=NetC2_Stage 4_2
Added Pin To Net: NetName=NetC2_Stage 5_2 Pin=C2_Stage 5-2
Added Pin To Net: NetName=NetC2_Stage 5_2 Pin=R2a_Stage 5-2
Added Pin To Net: NetName=NetC2_Stage 5_2 Pin=R2b_Stage 5-2
Added Pin To Net: NetName=NetC2_Stage 5_2 Pin=U1_Stage 5-3
Added Net: Name=NetC2_Stage 5_2
Added Pin To Net: NetName=NetOUT_1 Pin=OUT-1
Added Pin To Net: NetName=NetOUT_1 Pin=U1_Stage 5-6
Added Pin To Net: NetName=NetOUT_1 Pin=U1_Stage 5-7
Added Net: Name=NetOUT_1
Added Pin To Net: NetName=NetR1a_Stage 1_1 Pin=R1a_Stage 1-1
Added Pin To Net: NetName=NetR1a_Stage 1_1 Pin=R1c_Stage 1-1
Added Pin To Net: NetName=NetR1a_Stage 1_1 Pin=Ra1_Stage 1-1
Added Pin To Net: NetName=NetR1a_Stage 1_1 Pin=Ra3_Stage 1-1
Added Pin To Net: NetName=NetR1a_Stage 1_1 Pin=Rd1_Stage 1-1
Added Pin To Net: NetName=NetR1a_Stage 1_1 Pin=TP1_Stage 1-1
Added Pin To Net: NetName=NetR1a_Stage 1_1 Pin=U1_Stage 1-1
Added Net: Name=NetR1a_Stage 1_1
Added Pin To Net: NetName=NetR1a_Stage 2_1 Pin=R1a_Stage 2-1
Added Pin To Net: NetName=NetR1a_Stage 2_1 Pin=R1c_Stage 2-1
Added Pin To Net: NetName=NetR1a_Stage 2_1 Pin=Ra1_Stage 2-1
Added Pin To Net: NetName=NetR1a_Stage 2_1 Pin=Ra3_Stage 2-1
Added Pin To Net: NetName=NetR1a_Stage 2_1 Pin=Rd1_Stage 2-1
Added Pin To Net: NetName=NetR1a_Stage 2_1 Pin=TP1_Stage 2-1
Added Pin To Net: NetName=NetR1a_Stage 2_1 Pin=U1_Stage 2-1
Added Net: Name=NetR1a_Stage 2_1
Added Pin To Net: NetName=NetR1a_Stage 3_1 Pin=R1a_Stage 3-1
Added Pin To Net: NetName=NetR1a_Stage 3_1 Pin=R1c_Stage 3-1
Added Pin To Net: NetName=NetR1a_Stage 3_1 Pin=Ra1_Stage 3-1
Added Pin To Net: NetName=NetR1a_Stage 3_1 Pin=Ra3_Stage 3-1
Added Pin To Net: NetName=NetR1a_Stage 3_1 Pin=Rd1_Stage 3-1
Added Pin To Net: NetName=NetR1a_Stage 3_1 Pin=TP1_Stage 3-1
Added Pin To Net: NetName=NetR1a_Stage 3_1 Pin=U1_Stage 3-1
Added Net: Name=NetR1a_Stage 3_1
Added Pin To Net: NetName=NetR1a_Stage 4_1 Pin=R1a_Stage 4-1
Added Pin To Net: NetName=NetR1a_Stage 4_1 Pin=R1c_Stage 4-1
Added Pin To Net: NetName=NetR1a_Stage 4_1 Pin=Ra1_Stage 4-1
Added Pin To Net: NetName=NetR1a_Stage 4_1 Pin=Ra3_Stage 4-1
Added Pin To Net: NetName=NetR1a_Stage 4_1 Pin=Rd1_Stage 4-1
Added Pin To Net: NetName=NetR1a_Stage 4_1 Pin=TP1_Stage 4-1
Added Pin To Net: NetName=NetR1a_Stage 4_1 Pin=U1_Stage 4-1
Added Net: Name=NetR1a_Stage 4_1
Added Pin To Net: NetName=NetR1a_Stage 5_1 Pin=R1a_Stage 5-1
Added Pin To Net: NetName=NetR1a_Stage 5_1 Pin=R1c_Stage 5-1
Added Pin To Net: NetName=NetR1a_Stage 5_1 Pin=Ra1_Stage 5-1
Added Pin To Net: NetName=NetR1a_Stage 5_1 Pin=Ra3_Stage 5-1
Added Pin To Net: NetName=NetR1a_Stage 5_1 Pin=Rd1_Stage 5-1
Added Pin To Net: NetName=NetR1a_Stage 5_1 Pin=TP1_Stage 5-1
Added Pin To Net: NetName=NetR1a_Stage 5_1 Pin=U1_Stage 5-1
Added Net: Name=NetR1a_Stage 5_1
Added Pin To Net: NetName=NetR1b_Stage 1_1 Pin=R1b_Stage 1-1
Added Pin To Net: NetName=NetR1b_Stage 1_1 Pin=R1c_Stage 1-2
Added Net: Name=NetR1b_Stage 1_1
Added Pin To Net: NetName=NetR1b_Stage 2_1 Pin=R1b_Stage 2-1
Added Pin To Net: NetName=NetR1b_Stage 2_1 Pin=R1c_Stage 2-2
Added Net: Name=NetR1b_Stage 2_1
Added Pin To Net: NetName=NetR1b_Stage 3_1 Pin=R1b_Stage 3-1
Added Pin To Net: NetName=NetR1b_Stage 3_1 Pin=R1c_Stage 3-2
Added Net: Name=NetR1b_Stage 3_1
Added Pin To Net: NetName=NetR1b_Stage 4_1 Pin=R1b_Stage 4-1
Added Pin To Net: NetName=NetR1b_Stage 4_1 Pin=R1c_Stage 4-2
Added Net: Name=NetR1b_Stage 4_1
Added Pin To Net: NetName=NetR1b_Stage 5_1 Pin=R1b_Stage 5-1
Added Pin To Net: NetName=NetR1b_Stage 5_1 Pin=R1c_Stage 5-2
Added Net: Name=NetR1b_Stage 5_1
Added Pin To Net: NetName=NetR2b_Stage 1_1 Pin=R2b_Stage 1-1
Added Pin To Net: NetName=NetR2b_Stage 1_1 Pin=R2c_Stage 1-2
Added Net: Name=NetR2b_Stage 1_1
Added Pin To Net: NetName=NetR2b_Stage 2_1 Pin=R2b_Stage 2-1
Added Pin To Net: NetName=NetR2b_Stage 2_1 Pin=R2c_Stage 2-2
Added Net: Name=NetR2b_Stage 2_1
Added Pin To Net: NetName=NetR2b_Stage 3_1 Pin=R2b_Stage 3-1
Added Pin To Net: NetName=NetR2b_Stage 3_1 Pin=R2c_Stage 3-2
Added Net: Name=NetR2b_Stage 3_1
Added Pin To Net: NetName=NetR2b_Stage 4_1 Pin=R2b_Stage 4-1
Added Pin To Net: NetName=NetR2b_Stage 4_1 Pin=R2c_Stage 4-2
Added Net: Name=NetR2b_Stage 4_1
Added Pin To Net: NetName=NetR2b_Stage 5_1 Pin=R2b_Stage 5-1
Added Pin To Net: NetName=NetR2b_Stage 5_1 Pin=R2c_Stage 5-2
Added Net: Name=NetR2b_Stage 5_1
Added Pin To Net: NetName=NetRa1_Stage 1_2 Pin=Ra1_Stage 1-2
Added Pin To Net: NetName=NetRa1_Stage 1_2 Pin=Ra2_Stage 1-2
Added Pin To Net: NetName=NetRa1_Stage 1_2 Pin=Rb1_Stage 1-2
Added Pin To Net: NetName=NetRa1_Stage 1_2 Pin=Rb2_Stage 1-2
Added Pin To Net: NetName=NetRa1_Stage 1_2 Pin=U1_Stage 1-2
Added Net: Name=NetRa1_Stage 1_2
Added Pin To Net: NetName=NetRa1_Stage 2_2 Pin=Ra1_Stage 2-2
Added Pin To Net: NetName=NetRa1_Stage 2_2 Pin=Ra2_Stage 2-2
Added Pin To Net: NetName=NetRa1_Stage 2_2 Pin=Rb1_Stage 2-2
Added Pin To Net: NetName=NetRa1_Stage 2_2 Pin=Rb2_Stage 2-2
Added Pin To Net: NetName=NetRa1_Stage 2_2 Pin=U1_Stage 2-2
Added Net: Name=NetRa1_Stage 2_2
Added Pin To Net: NetName=NetRa1_Stage 3_2 Pin=Ra1_Stage 3-2
Added Pin To Net: NetName=NetRa1_Stage 3_2 Pin=Ra2_Stage 3-2
Added Pin To Net: NetName=NetRa1_Stage 3_2 Pin=Rb1_Stage 3-2
Added Pin To Net: NetName=NetRa1_Stage 3_2 Pin=Rb2_Stage 3-2
Added Pin To Net: NetName=NetRa1_Stage 3_2 Pin=U1_Stage 3-2
Added Net: Name=NetRa1_Stage 3_2
Added Pin To Net: NetName=NetRa1_Stage 4_2 Pin=Ra1_Stage 4-2
Added Pin To Net: NetName=NetRa1_Stage 4_2 Pin=Ra2_Stage 4-2
Added Pin To Net: NetName=NetRa1_Stage 4_2 Pin=Rb1_Stage 4-2
Added Pin To Net: NetName=NetRa1_Stage 4_2 Pin=Rb2_Stage 4-2
Added Pin To Net: NetName=NetRa1_Stage 4_2 Pin=U1_Stage 4-2
Added Net: Name=NetRa1_Stage 4_2
Added Pin To Net: NetName=NetRa1_Stage 5_2 Pin=Ra1_Stage 5-2
Added Pin To Net: NetName=NetRa1_Stage 5_2 Pin=Ra2_Stage 5-2
Added Pin To Net: NetName=NetRa1_Stage 5_2 Pin=Rb1_Stage 5-2
Added Pin To Net: NetName=NetRa1_Stage 5_2 Pin=Rb2_Stage 5-2
Added Pin To Net: NetName=NetRa1_Stage 5_2 Pin=U1_Stage 5-2
Added Net: Name=NetRa1_Stage 5_2
Added Pin To Net: NetName=NetRa2_Stage 1_1 Pin=Ra2_Stage 1-1
Added Pin To Net: NetName=NetRa2_Stage 1_1 Pin=Ra3_Stage 1-2
Added Net: Name=NetRa2_Stage 1_1
Added Pin To Net: NetName=NetRa2_Stage 2_1 Pin=Ra2_Stage 2-1
Added Pin To Net: NetName=NetRa2_Stage 2_1 Pin=Ra3_Stage 2-2
Added Net: Name=NetRa2_Stage 2_1
Added Pin To Net: NetName=NetRa2_Stage 3_1 Pin=Ra2_Stage 3-1
Added Pin To Net: NetName=NetRa2_Stage 3_1 Pin=Ra3_Stage 3-2
Added Net: Name=NetRa2_Stage 3_1
Added Pin To Net: NetName=NetRa2_Stage 4_1 Pin=Ra2_Stage 4-1
Added Pin To Net: NetName=NetRa2_Stage 4_1 Pin=Ra3_Stage 4-2
Added Net: Name=NetRa2_Stage 4_1
Added Pin To Net: NetName=NetRa2_Stage 5_1 Pin=Ra2_Stage 5-1
Added Pin To Net: NetName=NetRa2_Stage 5_1 Pin=Ra3_Stage 5-2
Added Net: Name=NetRa2_Stage 5_1
Added Pin To Net: NetName=NetRb2_Stage 1_1 Pin=Rb2_Stage 1-1
Added Pin To Net: NetName=NetRb2_Stage 1_1 Pin=Rb3_Stage 1-2
Added Net: Name=NetRb2_Stage 1_1
Added Pin To Net: NetName=NetRb2_Stage 2_1 Pin=Rb2_Stage 2-1
Added Pin To Net: NetName=NetRb2_Stage 2_1 Pin=Rb3_Stage 2-2
Added Net: Name=NetRb2_Stage 2_1
Added Pin To Net: NetName=NetRb2_Stage 3_1 Pin=Rb2_Stage 3-1
Added Pin To Net: NetName=NetRb2_Stage 3_1 Pin=Rb3_Stage 3-2
Added Net: Name=NetRb2_Stage 3_1
Added Pin To Net: NetName=NetRb2_Stage 4_1 Pin=Rb2_Stage 4-1
Added Pin To Net: NetName=NetRb2_Stage 4_1 Pin=Rb3_Stage 4-2
Added Net: Name=NetRb2_Stage 4_1
Added Pin To Net: NetName=NetRb2_Stage 5_1 Pin=Rb2_Stage 5-1
Added Pin To Net: NetName=NetRb2_Stage 5_1 Pin=Rb3_Stage 5-2
Added Net: Name=NetRb2_Stage 5_1
Added Pin To Net: NetName=NetRd1_Stage 1_2 Pin=Rd1_Stage 1-2
Added Pin To Net: NetName=NetRd1_Stage 1_2 Pin=Rd2_Stage 1-2
Added Pin To Net: NetName=NetRd1_Stage 1_2 Pin=TP?_Stage 1-1
Added Pin To Net: NetName=NetRd1_Stage 1_2 Pin=U1_Stage 1-5
Added Net: Name=NetRd1_Stage 1_2
Added Pin To Net: NetName=NetRd1_Stage 2_2 Pin=Rd1_Stage 2-2
Added Pin To Net: NetName=NetRd1_Stage 2_2 Pin=Rd2_Stage 2-2
Added Pin To Net: NetName=NetRd1_Stage 2_2 Pin=TP?_Stage 2-1
Added Pin To Net: NetName=NetRd1_Stage 2_2 Pin=U1_Stage 2-5
Added Net: Name=NetRd1_Stage 2_2
Added Pin To Net: NetName=NetRd1_Stage 3_2 Pin=Rd1_Stage 3-2
Added Pin To Net: NetName=NetRd1_Stage 3_2 Pin=Rd2_Stage 3-2
Added Pin To Net: NetName=NetRd1_Stage 3_2 Pin=TP?_Stage 3-1
Added Pin To Net: NetName=NetRd1_Stage 3_2 Pin=U1_Stage 3-5
Added Net: Name=NetRd1_Stage 3_2
Added Pin To Net: NetName=NetRd1_Stage 4_2 Pin=Rd1_Stage 4-2
Added Pin To Net: NetName=NetRd1_Stage 4_2 Pin=Rd2_Stage 4-2
Added Pin To Net: NetName=NetRd1_Stage 4_2 Pin=TP?_Stage 4-1
Added Pin To Net: NetName=NetRd1_Stage 4_2 Pin=U1_Stage 4-5
Added Net: Name=NetRd1_Stage 4_2
Added Pin To Net: NetName=NetRd1_Stage 5_2 Pin=Rd1_Stage 5-2
Added Pin To Net: NetName=NetRd1_Stage 5_2 Pin=Rd2_Stage 5-2
Added Pin To Net: NetName=NetRd1_Stage 5_2 Pin=TP?_Stage 5-1
Added Pin To Net: NetName=NetRd1_Stage 5_2 Pin=U1_Stage 5-5
Added Net: Name=NetRd1_Stage 5_2
Added Pin To Net: NetName=NetS1_1 Pin=S1-1
Added Pin To Net: NetName=NetS1_1 Pin=U1_Stage 1-6
Added Pin To Net: NetName=NetS1_1 Pin=U1_Stage 1-7
Added Net: Name=NetS1_1
Added Pin To Net: NetName=NetS2_1 Pin=S2-1
Added Pin To Net: NetName=NetS2_1 Pin=U1_Stage 2-6
Added Pin To Net: NetName=NetS2_1 Pin=U1_Stage 2-7
Added Net: Name=NetS2_1
Added Pin To Net: NetName=NetS3_1 Pin=S3-1
Added Pin To Net: NetName=NetS3_1 Pin=U1_Stage 3-6
Added Pin To Net: NetName=NetS3_1 Pin=U1_Stage 3-7
Added Net: Name=NetS3_1
Added Pin To Net: NetName=NetS4_1 Pin=S4-1
Added Pin To Net: NetName=NetS4_1 Pin=U1_Stage 4-6
Added Pin To Net: NetName=NetS4_1 Pin=U1_Stage 4-7
Added Net: Name=NetS4_1
Added Pin To Net: NetName=VCC Pin=Cd1-1
Added Pin To Net: NetName=VCC Pin=Cd2-1
Added Pin To Net: NetName=VCC Pin=Cd3-1
Added Pin To Net: NetName=VCC Pin=Cd4-1
Added Pin To Net: NetName=VCC Pin=Cd5-1
Added Pin To Net: NetName=VCC Pin=SUPPLY-1
Added Pin To Net: NetName=VCC Pin=U1_Stage 1-8
Added Pin To Net: NetName=VCC Pin=U1_Stage 2-8
Added Pin To Net: NetName=VCC Pin=U1_Stage 3-8
Added Pin To Net: NetName=VCC Pin=U1_Stage 4-8
Added Pin To Net: NetName=VCC Pin=U1_Stage 5-8
Added Net: Name=VCC
Added Pin To Net: NetName=VEE Pin=Cd6-1
Added Pin To Net: NetName=VEE Pin=Cd7-1
Added Pin To Net: NetName=VEE Pin=Cd8-1
Added Pin To Net: NetName=VEE Pin=Cd9-1
Added Pin To Net: NetName=VEE Pin=Cd10-1
Added Pin To Net: NetName=VEE Pin=SUPPLY-3
Added Pin To Net: NetName=VEE Pin=U1_Stage 1-4
Added Pin To Net: NetName=VEE Pin=U1_Stage 2-4
Added Pin To Net: NetName=VEE Pin=U1_Stage 3-4
Added Pin To Net: NetName=VEE Pin=U1_Stage 4-4
Added Pin To Net: NetName=VEE Pin=U1_Stage 5-4
Added Net: Name=VEE
Added Class: Name=finalFilter
Added Class: Name=Stage 1
Added Class: Name=Stage 2
Added Class: Name=Stage 3
Added Class: Name=Stage 4
Added Class: Name=Stage 5
Added Class: Name=filtroFinal
Added Room: Name=finalFilter
Added Room: Name=Stage 1
Added Room: Name=Stage 2
Added Room: Name=Stage 3
Added Room: Name=Stage 4
Added Room: Name=Stage 5
