Removed Pin From Net: NetName=VCC Pin=Cd1-1
Removed Pin From Net: NetName=GND Pin=Cd1-2
Removed Pin From Net: NetName=VCC Pin=Cd2-1
Removed Pin From Net: NetName=GND Pin=Cd2-2
Removed Pin From Net: NetName=VCC Pin=Cd3-1
Removed Pin From Net: NetName=GND Pin=Cd3-2
Removed Pin From Net: NetName=VCC Pin=Cd4-1
Removed Pin From Net: NetName=GND Pin=Cd4-2
Removed Pin From Net: NetName=VCC Pin=Cd5-1
Removed Pin From Net: NetName=GND Pin=Cd5-2
Removed Pin From Net: NetName=VEE Pin=Cd6-1
Removed Pin From Net: NetName=GND Pin=Cd6-2
Removed Pin From Net: NetName=VEE Pin=Cd7-1
Removed Pin From Net: NetName=GND Pin=Cd7-2
Removed Pin From Net: NetName=VEE Pin=Cd8-1
Removed Pin From Net: NetName=GND Pin=Cd8-2
Removed Pin From Net: NetName=VEE Pin=Cd9-1
Removed Pin From Net: NetName=GND Pin=Cd9-2
Removed Pin From Net: NetName=VEE Pin=Cd10-1
Removed Pin From Net: NetName=GND Pin=Cd10-2
Removed Member From Class: ClassName=finalFilter Member=Cd1
Removed Member From Class: ClassName=finalFilter Member=Cd2
Removed Member From Class: ClassName=finalFilter Member=Cd3
Removed Member From Class: ClassName=finalFilter Member=Cd4
Removed Member From Class: ClassName=finalFilter Member=Cd5
Removed Member From Class: ClassName=finalFilter Member=Cd6
Removed Member From Class: ClassName=finalFilter Member=Cd7
Removed Member From Class: ClassName=finalFilter Member=Cd8
Removed Member From Class: ClassName=finalFilter Member=Cd9
Removed Member From Class: ClassName=finalFilter Member=Cd10
Added Component: Designator=Cd1_Stage 1(CAP200)
Add component. Clean all parameters for all variants
Added Component: Designator=Cd1_Stage 2(CAP200)
Add component. Clean all parameters for all variants
Added Component: Designator=Cd1_Stage 3(CAP200)
Add component. Clean all parameters for all variants
Added Component: Designator=Cd1_Stage 4(CAP200)
Add component. Clean all parameters for all variants
Added Component: Designator=Cd1_Stage 5(CAP200)
Add component. Clean all parameters for all variants
Added Component: Designator=Cd2_Stage 1(CAP200)
Add component. Clean all parameters for all variants
Added Component: Designator=Cd2_Stage 2(CAP200)
Add component. Clean all parameters for all variants
Added Component: Designator=Cd2_Stage 3(CAP200)
Add component. Clean all parameters for all variants
Added Component: Designator=Cd2_Stage 4(CAP200)
Add component. Clean all parameters for all variants
Added Component: Designator=Cd2_Stage 5(CAP200)
Add component. Clean all parameters for all variants
Added Pin To Net: NetName=VCC Pin=Cd1_Stage 1-1
Added Pin To Net: NetName=GND Pin=Cd1_Stage 1-2
Added Pin To Net: NetName=VCC Pin=Cd1_Stage 2-1
Added Pin To Net: NetName=GND Pin=Cd1_Stage 2-2
Added Pin To Net: NetName=VCC Pin=Cd1_Stage 3-1
Added Pin To Net: NetName=GND Pin=Cd1_Stage 3-2
Added Pin To Net: NetName=VCC Pin=Cd1_Stage 4-1
Added Pin To Net: NetName=GND Pin=Cd1_Stage 4-2
Added Pin To Net: NetName=VCC Pin=Cd1_Stage 5-1
Added Pin To Net: NetName=GND Pin=Cd1_Stage 5-2
Added Pin To Net: NetName=VEE Pin=Cd2_Stage 1-1
Added Pin To Net: NetName=GND Pin=Cd2_Stage 1-2
Added Pin To Net: NetName=VEE Pin=Cd2_Stage 2-1
Added Pin To Net: NetName=GND Pin=Cd2_Stage 2-2
Added Pin To Net: NetName=VEE Pin=Cd2_Stage 3-1
Added Pin To Net: NetName=GND Pin=Cd2_Stage 3-2
Added Pin To Net: NetName=VEE Pin=Cd2_Stage 4-1
Added Pin To Net: NetName=GND Pin=Cd2_Stage 4-2
Added Pin To Net: NetName=VEE Pin=Cd2_Stage 5-1
Added Pin To Net: NetName=GND Pin=Cd2_Stage 5-2
Added Member To Class: ClassName=Stage 1 Member=Component Cd1_Stage 1 (Cd1) CAP
Added Member To Class: ClassName=Stage 2 Member=Component Cd1_Stage 2 (Cd1) CAP
Added Member To Class: ClassName=Stage 3 Member=Component Cd1_Stage 3 (Cd1) CAP
Added Member To Class: ClassName=Stage 4 Member=Component Cd1_Stage 4 (Cd1) CAP
Added Member To Class: ClassName=Stage 5 Member=Component Cd1_Stage 5 (Cd1) CAP
Added Member To Class: ClassName=Stage 1 Member=Component Cd2_Stage 1 (Cd2) CAP
Added Member To Class: ClassName=Stage 2 Member=Component Cd2_Stage 2 (Cd2) CAP
Added Member To Class: ClassName=Stage 3 Member=Component Cd2_Stage 3 (Cd2) CAP
Added Member To Class: ClassName=Stage 4 Member=Component Cd2_Stage 4 (Cd2) CAP
Added Member To Class: ClassName=Stage 5 Member=Component Cd2_Stage 5 (Cd2) CAP
