Removed Pin From Net: NetName=GND Pin=R2-2
Removed Pin From Net: NetName=GND Pin=R3-1
Removed Pin From Net: NetName=GND Pin=Rb1-1
Removed Pin From Net: NetName=GND Pin=Rb2-1
Removed Pin From Net: NetName=NetOUT_1 Pin=U1_S4-6
Removed Pin From Net: NetName=NetOUT_1 Pin=U1_S4-7
Removed Pin From Net: NetName=VEE Pin=U8-4
Removed Pin From Net: NetName=VCC Pin=U8-8
Removed Member From Class: ClassName=finalFilter Member=C
Removed Member From Class: ClassName=finalFilter Member=R1
Removed Member From Class: ClassName=finalFilter Member=R2
Removed Member From Class: ClassName=finalFilter Member=R3
Removed Member From Class: ClassName=finalFilter Member=Ra1
Removed Member From Class: ClassName=finalFilter Member=Ra2
Removed Member From Class: ClassName=finalFilter Member=Ra3
Removed Member From Class: ClassName=finalFilter Member=Rb1
Removed Member From Class: ClassName=finalFilter Member=Rb2
Removed Member From Class: ClassName=finalFilter Member=Rb3
Removed Member From Class: ClassName=finalFilter Member=U8
Added Component: Designator=C1_S5(CAP200)
Add component. Clean all parameters for all variants
Added Component: Designator=C2_S5(CAP200)
Add component. Clean all parameters for all variants
Added Component: Designator=R1a_S5(0805)
Add component. Clean all parameters for all variants
Added Component: Designator=R1b_S5(0805)
Add component. Clean all parameters for all variants
Added Component: Designator=R1c_S5(0805)
Add component. Clean all parameters for all variants
Added Component: Designator=R2a_S5(0805)
Add component. Clean all parameters for all variants
Added Component: Designator=R2b_S5(0805)
Add component. Clean all parameters for all variants
Added Component: Designator=R2c_S5(0805)
Add component. Clean all parameters for all variants
Added Component: Designator=Ra1_S5(0805)
Add component. Clean all parameters for all variants
Added Component: Designator=Ra2_S5(0805)
Add component. Clean all parameters for all variants
Added Component: Designator=Ra3_S5(0805)
Add component. Clean all parameters for all variants
Added Component: Designator=Rb1_S5(0805)
Add component. Clean all parameters for all variants
Added Component: Designator=Rb2_S5(0805)
Add component. Clean all parameters for all variants
Added Component: Designator=Rb3_S5(0805)
Add component. Clean all parameters for all variants
Added Component: Designator=S4(JUMPER2)
Add component. Clean all parameters for all variants
Added Component: Designator=TP1_S5(TPTH)
Add component. Clean all parameters for all variants
Added Component: Designator=U1_S5(P008)
Add component. Clean all parameters for all variants
Add component (AddParameter): Name = "Code_JEDEC"; Value = "MO-001-AN"; VariantName = "[No Variations]"
Add component (AddParameter): Name = "ComponentLink1Description"; Value = "Manufacturer Link"; VariantName = "[No Variations]"
Add component (AddParameter): Name = "ComponentLink1URL"; Value = "http://www.ti.com/"; VariantName = "[No Variations]"
Add component (AddParameter): Name = "ComponentLink2Description"; Value = "Datasheet"; VariantName = "[No Variations]"
Add component (AddParameter): Name = "ComponentLink2URL"; Value = "http://www-s.ti.com/sc/ds/tl082.pdf"; VariantName = "[No Variations]"
Add component (AddParameter): Name = "DatasheetVersion"; Value = "Feb-1999"; VariantName = "[No Variations]"
Add component (AddParameter): Name = "LatestRevisionDate"; Value = "04-Mar-2005"; VariantName = "[No Variations]"
Add component (AddParameter): Name = "LatestRevisionNote"; Value = "Stylized 3D Model Added."; VariantName = "[No Variations]"
Add component (AddParameter): Name = "PackageDescription"; Value = "DIP; 8 Leads; Row Spacing 7.62 mm; Pitch 2.54 mm"; VariantName = "[No Variations]"
Add component (AddParameter): Name = "PackageReference"; Value = "P008"; VariantName = "[No Variations]"
Add component (AddParameter): Name = "PackageVersion"; Value = "Jun-1999"; VariantName = "[No Variations]"
Add component (AddParameter): Name = "Published"; Value = "16-Jan-2001"; VariantName = "[No Variations]"
Add component (AddParameter): Name = "Publisher"; Value = "Altium Limited"; VariantName = "[No Variations]"
Added Pin To Net: NetName=GND Pin=R2a_S5-1
Added Pin To Net: NetName=GND Pin=R2c_S5-1
Added Pin To Net: NetName=GND Pin=Rb1_S5-1
Added Pin To Net: NetName=GND Pin=Rb3_S5-1
Added Pin To Net: NetName=VEE Pin=U1_S5-4
Added Pin To Net: NetName=NetOUT_1 Pin=U1_S5-6
Added Pin To Net: NetName=NetOUT_1 Pin=U1_S5-7
Added Pin To Net: NetName=VCC Pin=U1_S5-8
Added Pin To Net: NetName=NetC1_S5_1 Pin=C1_S5-1
Added Pin To Net: NetName=NetC1_S5_1 Pin=S4-2
Added Net: Name=NetC1_S5_1
Added Pin To Net: NetName=NetC1_S5_2 Pin=C1_S5-2
Added Pin To Net: NetName=NetC1_S5_2 Pin=C2_S5-1
Added Pin To Net: NetName=NetC1_S5_2 Pin=R1a_S5-2
Added Pin To Net: NetName=NetC1_S5_2 Pin=R1b_S5-2
Added Net: Name=NetC1_S5_2
Added Pin To Net: NetName=NetC2_S5_2 Pin=C2_S5-2
Added Pin To Net: NetName=NetC2_S5_2 Pin=R2a_S5-2
Added Pin To Net: NetName=NetC2_S5_2 Pin=R2b_S5-2
Added Pin To Net: NetName=NetC2_S5_2 Pin=U1_S5-3
Added Net: Name=NetC2_S5_2
Added Pin To Net: NetName=NetR1a_S5_1 Pin=R1a_S5-1
Added Pin To Net: NetName=NetR1a_S5_1 Pin=R1c_S5-1
Added Pin To Net: NetName=NetR1a_S5_1 Pin=Ra1_S5-1
Added Pin To Net: NetName=NetR1a_S5_1 Pin=Ra3_S5-1
Added Pin To Net: NetName=NetR1a_S5_1 Pin=TP1_S5-1
Added Pin To Net: NetName=NetR1a_S5_1 Pin=U1_S5-1
Added Pin To Net: NetName=NetR1a_S5_1 Pin=U1_S5-5
Added Net: Name=NetR1a_S5_1
Added Pin To Net: NetName=NetR1b_S5_1 Pin=R1b_S5-1
Added Pin To Net: NetName=NetR1b_S5_1 Pin=R1c_S5-2
Added Net: Name=NetR1b_S5_1
Added Pin To Net: NetName=NetR2b_S5_1 Pin=R2b_S5-1
Added Pin To Net: NetName=NetR2b_S5_1 Pin=R2c_S5-2
Added Net: Name=NetR2b_S5_1
Added Pin To Net: NetName=NetRa1_S5_2 Pin=Ra1_S5-2
Added Pin To Net: NetName=NetRa1_S5_2 Pin=Ra2_S5-2
Added Pin To Net: NetName=NetRa1_S5_2 Pin=Rb1_S5-2
Added Pin To Net: NetName=NetRa1_S5_2 Pin=Rb2_S5-2
Added Pin To Net: NetName=NetRa1_S5_2 Pin=U1_S5-2
Added Net: Name=NetRa1_S5_2
Added Pin To Net: NetName=NetRa2_S5_1 Pin=Ra2_S5-1
Added Pin To Net: NetName=NetRa2_S5_1 Pin=Ra3_S5-2
Added Net: Name=NetRa2_S5_1
Added Pin To Net: NetName=NetRb2_S5_1 Pin=Rb2_S5-1
Added Pin To Net: NetName=NetRb2_S5_1 Pin=Rb3_S5-2
Added Net: Name=NetRb2_S5_1
Added Pin To Net: NetName=NetS4_1 Pin=S4-1
Added Pin To Net: NetName=NetS4_1 Pin=U1_S4-6
Added Pin To Net: NetName=NetS4_1 Pin=U1_S4-7
Added Net: Name=NetS4_1
Added Class: Name=S5
Added Member To Class: ClassName=finalFilter Member=Component S4 JUMPER
Added Room: Name=finalFilter
Added Room: Name=S5
