Change Component Designator: OldDesignator=C1_S1 NewDesignator=C1_Stage 1
Change Component Designator: OldDesignator=C1_S2 NewDesignator=C1_Stage 2
Change Component Designator: OldDesignator=C1_S3 NewDesignator=C1_Stage 3
Change Component Designator: OldDesignator=C1_S4 NewDesignator=C1_Stage 4
Change Component Designator: OldDesignator=C1_S5 NewDesignator=C1_Stage 5
Change Component Designator: OldDesignator=C2_S1 NewDesignator=C2_Stage 1
Change Component Designator: OldDesignator=C2_S2 NewDesignator=C2_Stage 2
Change Component Designator: OldDesignator=C2_S3 NewDesignator=C2_Stage 3
Change Component Designator: OldDesignator=C2_S4 NewDesignator=C2_Stage 4
Change Component Designator: OldDesignator=C2_S5 NewDesignator=C2_Stage 5
Change Component Designator: OldDesignator=R1a_S1 NewDesignator=R1a_Stage 1
Change Component Designator: OldDesignator=R1a_S2 NewDesignator=R1a_Stage 2
Change Component Designator: OldDesignator=R1a_S3 NewDesignator=R1a_Stage 3
Change Component Designator: OldDesignator=R1a_S4 NewDesignator=R1a_Stage 4
Change Component Designator: OldDesignator=R1a_S5 NewDesignator=R1a_Stage 5
Change Component Designator: OldDesignator=R1b_S1 NewDesignator=R1b_Stage 1
Change Component Designator: OldDesignator=R1b_S2 NewDesignator=R1b_Stage 2
Change Component Designator: OldDesignator=R1b_S3 NewDesignator=R1b_Stage 3
Change Component Designator: OldDesignator=R1b_S4 NewDesignator=R1b_Stage 4
Change Component Designator: OldDesignator=R1b_S5 NewDesignator=R1b_Stage 5
Change Component Designator: OldDesignator=R1c_S1 NewDesignator=R1c_Stage 1
Change Component Designator: OldDesignator=R1c_S2 NewDesignator=R1c_Stage 2
Change Component Designator: OldDesignator=R1c_S3 NewDesignator=R1c_Stage 3
Change Component Designator: OldDesignator=R1c_S4 NewDesignator=R1c_Stage 4
Change Component Designator: OldDesignator=R1c_S5 NewDesignator=R1c_Stage 5
Change Component Designator: OldDesignator=R2a_S1 NewDesignator=R2a_Stage 1
Change Component Designator: OldDesignator=R2a_S2 NewDesignator=R2a_Stage 2
Change Component Designator: OldDesignator=R2a_S3 NewDesignator=R2a_Stage 3
Change Component Designator: OldDesignator=R2a_S4 NewDesignator=R2a_Stage 4
Change Component Designator: OldDesignator=R2a_S5 NewDesignator=R2a_Stage 5
Change Component Designator: OldDesignator=R2b_S1 NewDesignator=R2b_Stage 1
Change Component Designator: OldDesignator=R2b_S2 NewDesignator=R2b_Stage 2
Change Component Designator: OldDesignator=R2b_S3 NewDesignator=R2b_Stage 3
Change Component Designator: OldDesignator=R2b_S4 NewDesignator=R2b_Stage 4
Change Component Designator: OldDesignator=R2b_S5 NewDesignator=R2b_Stage 5
Change Component Designator: OldDesignator=R2c_S1 NewDesignator=R2c_Stage 1
Change Component Designator: OldDesignator=R2c_S2 NewDesignator=R2c_Stage 2
Change Component Designator: OldDesignator=R2c_S3 NewDesignator=R2c_Stage 3
Change Component Designator: OldDesignator=R2c_S4 NewDesignator=R2c_Stage 4
Change Component Designator: OldDesignator=R2c_S5 NewDesignator=R2c_Stage 5
Change Component Designator: OldDesignator=Ra1_S1 NewDesignator=Ra1_Stage 1
Change Component Designator: OldDesignator=Ra1_S2 NewDesignator=Ra1_Stage 2
Change Component Designator: OldDesignator=Ra1_S3 NewDesignator=Ra1_Stage 3
Change Component Designator: OldDesignator=Ra1_S4 NewDesignator=Ra1_Stage 4
Change Component Designator: OldDesignator=Ra1_S5 NewDesignator=Ra1_Stage 5
Change Component Designator: OldDesignator=Ra2_S1 NewDesignator=Ra2_Stage 1
Change Component Designator: OldDesignator=Ra2_S2 NewDesignator=Ra2_Stage 2
Change Component Designator: OldDesignator=Ra2_S3 NewDesignator=Ra2_Stage 3
Change Component Designator: OldDesignator=Ra2_S4 NewDesignator=Ra2_Stage 4
Change Component Designator: OldDesignator=Ra2_S5 NewDesignator=Ra2_Stage 5
Change Component Designator: OldDesignator=Ra3_S1 NewDesignator=Ra3_Stage 1
Change Component Designator: OldDesignator=Ra3_S2 NewDesignator=Ra3_Stage 2
Change Component Designator: OldDesignator=Ra3_S3 NewDesignator=Ra3_Stage 3
Change Component Designator: OldDesignator=Ra3_S4 NewDesignator=Ra3_Stage 4
Change Component Designator: OldDesignator=Ra3_S5 NewDesignator=Ra3_Stage 5
Change Component Designator: OldDesignator=Rb1_S1 NewDesignator=Rb1_Stage 1
Change Component Designator: OldDesignator=Rb1_S2 NewDesignator=Rb1_Stage 2
Change Component Designator: OldDesignator=Rb1_S3 NewDesignator=Rb1_Stage 3
Change Component Designator: OldDesignator=Rb1_S4 NewDesignator=Rb1_Stage 4
Change Component Designator: OldDesignator=Rb1_S5 NewDesignator=Rb1_Stage 5
Change Component Designator: OldDesignator=Rb2_S1 NewDesignator=Rb2_Stage 1
Change Component Designator: OldDesignator=Rb2_S2 NewDesignator=Rb2_Stage 2
Change Component Designator: OldDesignator=Rb2_S3 NewDesignator=Rb2_Stage 3
Change Component Designator: OldDesignator=Rb2_S4 NewDesignator=Rb2_Stage 4
Change Component Designator: OldDesignator=Rb2_S5 NewDesignator=Rb2_Stage 5
Change Component Designator: OldDesignator=Rb3_S1 NewDesignator=Rb3_Stage 1
Change Component Designator: OldDesignator=Rb3_S2 NewDesignator=Rb3_Stage 2
Change Component Designator: OldDesignator=Rb3_S3 NewDesignator=Rb3_Stage 3
Change Component Designator: OldDesignator=Rb3_S4 NewDesignator=Rb3_Stage 4
Change Component Designator: OldDesignator=Rb3_S5 NewDesignator=Rb3_Stage 5
Change Component Designator: OldDesignator=TP1_S1 NewDesignator=TP1_Stage 1
Change Component Designator: OldDesignator=TP1_S2 NewDesignator=TP1_Stage 2
Change Component Designator: OldDesignator=TP1_S3 NewDesignator=TP1_Stage 3
Change Component Designator: OldDesignator=TP1_S4 NewDesignator=TP1_Stage 4
Change Component Designator: OldDesignator=TP1_S5 NewDesignator=TP1_Stage 5
Change Component Designator: OldDesignator=U1_S1 NewDesignator=U1_Stage 1
Change Component Designator: OldDesignator=U1_S2 NewDesignator=U1_Stage 2
Change Component Designator: OldDesignator=U1_S3 NewDesignator=U1_Stage 3
Change Component Designator: OldDesignator=U1_S4 NewDesignator=U1_Stage 4
Change Component Designator: OldDesignator=U1_S5 NewDesignator=U1_Stage 5
Change Net Name : Old Net Name=NetC1_S1_1 New Net Name=NetC1_Stage 1_1
Change Net Name : Old Net Name=NetC1_S1_2 New Net Name=NetC1_Stage 1_2
Change Net Name : Old Net Name=NetC1_S2_1 New Net Name=NetC1_Stage 2_1
Change Net Name : Old Net Name=NetC1_S2_2 New Net Name=NetC1_Stage 2_2
Change Net Name : Old Net Name=NetC1_S3_1 New Net Name=NetC1_Stage 3_1
Change Net Name : Old Net Name=NetC1_S3_2 New Net Name=NetC1_Stage 3_2
Change Net Name : Old Net Name=NetC1_S4_1 New Net Name=NetC1_Stage 4_1
Change Net Name : Old Net Name=NetC1_S4_2 New Net Name=NetC1_Stage 4_2
Change Net Name : Old Net Name=NetC1_S5_1 New Net Name=NetC1_Stage 5_1
Change Net Name : Old Net Name=NetC1_S5_2 New Net Name=NetC1_Stage 5_2
Change Net Name : Old Net Name=NetC2_S1_2 New Net Name=NetC2_Stage 1_2
Change Net Name : Old Net Name=NetC2_S2_2 New Net Name=NetC2_Stage 2_2
Change Net Name : Old Net Name=NetC2_S3_2 New Net Name=NetC2_Stage 3_2
Change Net Name : Old Net Name=NetC2_S4_2 New Net Name=NetC2_Stage 4_2
Change Net Name : Old Net Name=NetC2_S5_2 New Net Name=NetC2_Stage 5_2
Change Net Name : Old Net Name=NetR1a_S1_1 New Net Name=NetR1a_Stage 1_1
Change Net Name : Old Net Name=NetR1a_S2_1 New Net Name=NetR1a_Stage 2_1
Change Net Name : Old Net Name=NetR1a_S3_1 New Net Name=NetR1a_Stage 3_1
Change Net Name : Old Net Name=NetR1a_S4_1 New Net Name=NetR1a_Stage 4_1
Change Net Name : Old Net Name=NetR1a_S5_1 New Net Name=NetR1a_Stage 5_1
Change Net Name : Old Net Name=NetR1b_S1_1 New Net Name=NetR1b_Stage 1_1
Change Net Name : Old Net Name=NetR1b_S2_1 New Net Name=NetR1b_Stage 2_1
Change Net Name : Old Net Name=NetR1b_S3_1 New Net Name=NetR1b_Stage 3_1
Change Net Name : Old Net Name=NetR1b_S4_1 New Net Name=NetR1b_Stage 4_1
Change Net Name : Old Net Name=NetR1b_S5_1 New Net Name=NetR1b_Stage 5_1
Change Net Name : Old Net Name=NetR2b_S1_1 New Net Name=NetR2b_Stage 1_1
Change Net Name : Old Net Name=NetR2b_S2_1 New Net Name=NetR2b_Stage 2_1
Change Net Name : Old Net Name=NetR2b_S3_1 New Net Name=NetR2b_Stage 3_1
Change Net Name : Old Net Name=NetR2b_S4_1 New Net Name=NetR2b_Stage 4_1
Change Net Name : Old Net Name=NetR2b_S5_1 New Net Name=NetR2b_Stage 5_1
Change Net Name : Old Net Name=NetRa1_S1_2 New Net Name=NetRa1_Stage 1_2
Change Net Name : Old Net Name=NetRa1_S2_2 New Net Name=NetRa1_Stage 2_2
Change Net Name : Old Net Name=NetRa1_S3_2 New Net Name=NetRa1_Stage 3_2
Change Net Name : Old Net Name=NetRa1_S4_2 New Net Name=NetRa1_Stage 4_2
Change Net Name : Old Net Name=NetRa1_S5_2 New Net Name=NetRa1_Stage 5_2
Change Net Name : Old Net Name=NetRa2_S1_1 New Net Name=NetRa2_Stage 1_1
Change Net Name : Old Net Name=NetRa2_S2_1 New Net Name=NetRa2_Stage 2_1
Change Net Name : Old Net Name=NetRa2_S3_1 New Net Name=NetRa2_Stage 3_1
Change Net Name : Old Net Name=NetRa2_S4_1 New Net Name=NetRa2_Stage 4_1
Change Net Name : Old Net Name=NetRa2_S5_1 New Net Name=NetRa2_Stage 5_1
Change Net Name : Old Net Name=NetRb2_S1_1 New Net Name=NetRb2_Stage 1_1
Change Net Name : Old Net Name=NetRb2_S2_1 New Net Name=NetRb2_Stage 2_1
Change Net Name : Old Net Name=NetRb2_S3_1 New Net Name=NetRb2_Stage 3_1
Change Net Name : Old Net Name=NetRb2_S4_1 New Net Name=NetRb2_Stage 4_1
Change Net Name : Old Net Name=NetRb2_S5_1 New Net Name=NetRb2_Stage 5_1
Change Class Name : Old Net Name=S1 New Net Name=Stage 1
Change Class Name : Old Net Name=S2 New Net Name=Stage 2
Change Class Name : Old Net Name=S3 New Net Name=Stage 3
Change Class Name : Old Net Name=S4 New Net Name=Stage 4
Change Class Name : Old Net Name=S5 New Net Name=Stage 5
Change Room Name: Old Name=S3 New Name=Stage 3
Change Room Scope: Old Scope=InComponentClass('S3') New Scope=InComponentClass('Stage 3')
Change Room Name: Old Name=S4 New Name=Stage 4
Change Room Scope: Old Scope=InComponentClass('S4') New Scope=InComponentClass('Stage 4')
Change Room Name: Old Name=S5 New Name=Stage 5
Change Room Scope: Old Scope=InComponentClass('S5') New Scope=InComponentClass('Stage 5')
Added Room: Name=Stage 1
Added Room: Name=Stage 2
