Added Component: Designator=C1(CAP200)
Add component. Clean all parameters for all variants
Added Component: Designator=C2(CAP200)
Add component. Clean all parameters for all variants
Added Component: Designator=IN(BORNERA2)
Add component. Clean all parameters for all variants
Added Component: Designator=OUT(BORNERA2)
Add component. Clean all parameters for all variants
Added Component: Designator=R1a(0805)
Add component. Clean all parameters for all variants
Added Component: Designator=R1b(0805)
Add component. Clean all parameters for all variants
Added Component: Designator=R1c(0805)
Add component. Clean all parameters for all variants
Added Component: Designator=R2a(0805)
Add component. Clean all parameters for all variants
Added Component: Designator=R2b(0805)
Add component. Clean all parameters for all variants
Added Component: Designator=R2c(0805)
Add component. Clean all parameters for all variants
Added Component: Designator=Ra1(0805)
Add component. Clean all parameters for all variants
Added Component: Designator=Ra2(0805)
Add component. Clean all parameters for all variants
Added Component: Designator=Ra3(0805)
Add component. Clean all parameters for all variants
Added Component: Designator=Rb1(0805)
Add component. Clean all parameters for all variants
Added Component: Designator=Rb2(0805)
Add component. Clean all parameters for all variants
Added Component: Designator=Rb3(0805)
Add component. Clean all parameters for all variants
Added Component: Designator=SUPPLY(BORNERA3)
Add component. Clean all parameters for all variants
Added Component: Designator=TP1(TPTH)
Add component. Clean all parameters for all variants
Added Component: Designator=U1(P008)
Add component. Clean all parameters for all variants
Add component (AddParameter): Name = "Code_JEDEC"; Value = "MO-001-AN"; VariantName = "[No Variations]"
Add component (AddParameter): Name = "ComponentLink1Description"; Value = "Manufacturer Link"; VariantName = "[No Variations]"
Add component (AddParameter): Name = "ComponentLink1URL"; Value = "http://www.ti.com/"; VariantName = "[No Variations]"
Add component (AddParameter): Name = "ComponentLink2Description"; Value = "Datasheet"; VariantName = "[No Variations]"
Add component (AddParameter): Name = "ComponentLink2URL"; Value = "http://www-s.ti.com/sc/ds/tl082.pdf"; VariantName = "[No Variations]"
Add component (AddParameter): Name = "DatasheetVersion"; Value = "Feb-1999"; VariantName = "[No Variations]"
Add component (AddParameter): Name = "LatestRevisionDate"; Value = "04-Mar-2005"; VariantName = "[No Variations]"
Add component (AddParameter): Name = "LatestRevisionNote"; Value = "Stylized 3D Model Added."; VariantName = "[No Variations]"
Add component (AddParameter): Name = "PackageDescription"; Value = "DIP; 8 Leads; Row Spacing 7.62 mm; Pitch 2.54 mm"; VariantName = "[No Variations]"
Add component (AddParameter): Name = "PackageReference"; Value = "P008"; VariantName = "[No Variations]"
Add component (AddParameter): Name = "PackageVersion"; Value = "Jun-1999"; VariantName = "[No Variations]"
Add component (AddParameter): Name = "Published"; Value = "16-Jan-2001"; VariantName = "[No Variations]"
Add component (AddParameter): Name = "Publisher"; Value = "Altium Limited"; VariantName = "[No Variations]"
Added Pin To Net: NetName=GND Pin=IN-2
Added Pin To Net: NetName=GND Pin=OUT-2
Added Pin To Net: NetName=GND Pin=R2a-1
Added Pin To Net: NetName=GND Pin=R2c-1
Added Pin To Net: NetName=GND Pin=Rb1-1
Added Pin To Net: NetName=GND Pin=Rb3-1
Added Pin To Net: NetName=GND Pin=SUPPLY-2
Added Net: Name=GND
Added Pin To Net: NetName=NetC1_1 Pin=C1-1
Added Pin To Net: NetName=NetC1_1 Pin=IN-1
Added Net: Name=NetC1_1
Added Pin To Net: NetName=NetC1_2 Pin=C1-2
Added Pin To Net: NetName=NetC1_2 Pin=C2-1
Added Pin To Net: NetName=NetC1_2 Pin=R1a-2
Added Pin To Net: NetName=NetC1_2 Pin=R1b-2
Added Net: Name=NetC1_2
Added Pin To Net: NetName=NetC2_2 Pin=C2-2
Added Pin To Net: NetName=NetC2_2 Pin=R2a-2
Added Pin To Net: NetName=NetC2_2 Pin=R2b-2
Added Pin To Net: NetName=NetC2_2 Pin=U1-3
Added Net: Name=NetC2_2
Added Pin To Net: NetName=NetOUT_1 Pin=OUT-1
Added Pin To Net: NetName=NetOUT_1 Pin=U1-6
Added Pin To Net: NetName=NetOUT_1 Pin=U1-7
Added Net: Name=NetOUT_1
Added Pin To Net: NetName=NetR1a_1 Pin=R1a-1
Added Pin To Net: NetName=NetR1a_1 Pin=R1c-1
Added Pin To Net: NetName=NetR1a_1 Pin=Ra1-1
Added Pin To Net: NetName=NetR1a_1 Pin=Ra3-1
Added Pin To Net: NetName=NetR1a_1 Pin=TP1-1
Added Pin To Net: NetName=NetR1a_1 Pin=U1-1
Added Pin To Net: NetName=NetR1a_1 Pin=U1-5
Added Net: Name=NetR1a_1
Added Pin To Net: NetName=NetR1b_1 Pin=R1b-1
Added Pin To Net: NetName=NetR1b_1 Pin=R1c-2
Added Net: Name=NetR1b_1
Added Pin To Net: NetName=NetR2b_1 Pin=R2b-1
Added Pin To Net: NetName=NetR2b_1 Pin=R2c-2
Added Net: Name=NetR2b_1
Added Pin To Net: NetName=NetRa1_2 Pin=Ra1-2
Added Pin To Net: NetName=NetRa1_2 Pin=Ra2-2
Added Pin To Net: NetName=NetRa1_2 Pin=Rb1-2
Added Pin To Net: NetName=NetRa1_2 Pin=Rb2-2
Added Pin To Net: NetName=NetRa1_2 Pin=U1-2
Added Net: Name=NetRa1_2
Added Pin To Net: NetName=NetRa2_1 Pin=Ra2-1
Added Pin To Net: NetName=NetRa2_1 Pin=Ra3-2
Added Net: Name=NetRa2_1
Added Pin To Net: NetName=NetRb2_1 Pin=Rb2-1
Added Pin To Net: NetName=NetRb2_1 Pin=Rb3-2
Added Net: Name=NetRb2_1
Added Pin To Net: NetName=VCC Pin=SUPPLY-1
Added Pin To Net: NetName=VCC Pin=U1-8
Added Net: Name=VCC
Added Pin To Net: NetName=VEE Pin=SUPPLY-3
Added Pin To Net: NetName=VEE Pin=U1-4
Added Net: Name=VEE
Added Class: Name=finalFilter
Added Class: Name=S1
Added Room: Name=finalFilter
Added Room: Name=S1
